Using network 'development'.

Running migration: 1_initial_migration.js
  Deploying Migrations...
  ... 0x1dffd2b08f99d3223f2e84dec2c245b9b9d7367f30ce572f02e845ee07dcfe58
  Migrations: 0x3c1daca086aa340b3fee45770ad4406db352d8f8
Saving successful migration to network...
  ... 0x7081323c9c7b62aaaa9c3356ef006a1d6a86268d812b743f72f3ecb1abe32636
Saving artifacts...
Running migration: 2_deploy_fomo3d.js
  Deploying SafeMath...
  ... 0xe65aa00ada78af5e7ec681a1748ae823a8ca2771e09f86a60526264167d1594f
  SafeMath: 0x2b0ee47641237be37c4eff2dbdb130e965c3d75b
  Deploying F3Ddatasets...
  ... 0x592df9dde8fd773979479698d3e7feeac1bfbeb3e6ca7edfe2926585cbd5ea07
  F3Ddatasets: 0x2e06e3a352c3616fed2c99f15bb98b519b50dc19
  Deploying MSFun...
  ... 0xe3e27981f0912a4892f467d372f0ad6f4bf5c2eb3f43f4f64d7650e9db15f59e
  MSFun: 0xda6296b7a88c6645ab0036bd557585515f8bc4a6
  Deploying NameFilter...
  ... 0x8e629619384c2b5c91ee43e212ca0ba1b68f9cde9495333e2d69424420d44614
  NameFilter: 0x2e7ac262afb13809cf58d09e01015c2007e42a49
  Deploying UintCompressor...
  ... 0x5a120249353cfeb4170b56ae3c7fc2d6ddcfc433fbd89c145c613f482698acc0
  UintCompressor: 0x368156cde23f00f9e73f3321b59f462c4580707e
  Deploying F3DKeysCalcLong...
  ... 0x3db139c251fefba493f97374771e75accd124ab79f2ad41a5c3793f6759a825e
  F3DKeysCalcLong: 0x038727a4dacf595b3dbbe1bb1417a6580b103eea
  Deploying F3Devents...
  ... 0xbe0ef846392060653e21a3da3a353d7725715a4078a093db54aea2d669a3e9e4
  F3Devents: 0xa55e7cf0c0b3d6df924a2a0a158f3b1cfd8fc09a
  Deploying TeamJust...
  ... 0x7b35254c12b44436339fe90ebf795ad0e31a0389122cac5ddbf6fb30ebf5be1a
  TeamJust: 0xb64a6530c088d2768513e512ae02f1de2ff89eb2
  Deploying PlayerBook...
  ... 0x09c8fa6a4f068ecf7b26ee6d03f51af8c43973841d4409606700237b7424d68e
  PlayerBook: 0x4dba10b1a2b28d694bd6801b22d9d97ccd3b1182
  Deploying FoMo3Dlong...
  ... 0x6daa50ec7f66bd21f1afab268d820b89620541416050539ce1b5ed3c51e4fef6
  FoMo3Dlong: 0x9efa9b6ab3b7f02603cb7093bb5b3eb571e662be
  Running step...
Saving successful migration to network...
  ... 0xe0f155cf8d875db6eafc6d7368e10bde98f9c898dedee98fe876dd0fcabf9928
  ... 0x254168a8cb65757f09bed322ccb9d0395ccac2f493ab2404c0823dc967f777cd
  ... 0x80ebcd8e884b23b9d158f21e2b5c21ed0ec8fc14a73d2d477d149f33f66a4be4
  ... 0x10a3d3a424594a1b8c3cd9cd8c16bc96d86b776a770fbdd903d5fd3549fdbf03
  ... 0x4530fe36414f989974cd41ac0635d686b2df040a225708570cc14fe8636c7e51
Saving artifacts...
